1. The Jungle Book (2016, PG, 7.8) [Adventure,Drama,Family,Fantasy]
2. The Perfect Match (2016, R, 4.5) [Comedy,Romance]
3. The Peanuts Movie (2015, G, 7.2) [Adventure,Animation,Comedy,Family]
4. Secret in Their Eyes (2015, PG-13, 6.2) [Crime,Drama,Mystery,Thriller]
5. The SpongeBob Movie: Sponge Out of Water (2015, PG, 6.0) [Adventure,Animation,Comedy,Family,Fantasy]
6. The Grand Budapest Hotel (2014, R, 8.1) [Adventure,Comedy,Crime,Drama]
7. The Hadza: Last of the First (2014, 7.4) [Documentary]
8. St. Vincent (2014, PG-13, 7.3) [Comedy,Drama]
9. The Monuments Men (2014, PG-13, 6.1) [Drama,War]
10. The Fifth Estate (2013, R, 6.2) [Biography,Drama,Thriller]
11. The Lost Medallion: The Adventures of Billy Stone (2013, PG, 4.8) [Adventure,Family,Fantasy]
12. The Twilight Saga: Breaking Dawn - Part 2 (2012, PG-13, 5.5) [Adventure,Drama,Fantasy,Romance]
13. Tim and Eric's Billion Dollar Movie (2012, R, 5.3) [Comedy]
14. The Muppets (2011, PG, 7.1) [Adventure,Comedy,Family,Musical]
15. Red Riding Hood (2011, PG-13, 5.4) [Fantasy,Horror,Mystery,Thriller]
16. The Man from Earth (2007, Not Rated, 8.0) [Drama,Romance,Sci-Fi]
17. The Color of Freedom (2007, R, 7.1) [Biography,Drama,History]
18. The Ultimate Gift (2006, PG, 7.4) [Drama,Family,Romance]
19. The Oh in Ohio (2006, R, 5.6) [Comedy,Drama,Romance]
20. The Greatest Game Ever Played (2005, PG, 7.5) [Drama,History,Sport]
21. Trust the Man (2005, R, 5.7) [Comedy,Drama,Romance]
22. The Life Aquatic with Steve Zissou (2004, R, 7.3) [Adventure,Comedy,Drama]
23. The SpongeBob SquarePants Movie (2004, PG, 7.0) [Adventure,Animation,Comedy,Family,Fantasy]
24. The Lord of the Rings: The Return of the King (2003, PG-13, 8.9) [Action,Adventure,Drama,Fantasy]
25. Lost in Translation (2003, R, 7.8) [Drama]
26. The Lord of the Rings: The Two Towers (2002, PG-13, 8.7) [Action,Adventure,Drama,Fantasy]
27. The Lord of the Rings: The Fellowship of the Ring (2001, PG-13, 8.8) [Action,Adventure,Drama,Fantasy]
28. The Royal Tenenbaums (2001, R, 7.6) [Comedy,Drama]
29. Frailty (2001, R, 7.3) [Crime,Drama,Thriller]
30. Michael Jordan to the Max (2000, 7.5) [Documentary,Sport]
31. All the Pretty Horses (2000, PG-13, 5.8) [Drama,Romance,Western]
32. The Man Who Knew Too Little (1997, PG, 6.6) [Action,Comedy,Crime,Thriller]
33. The Hunchback of Notre Dame (1996, G, 6.9) [Animation,Drama,Family,Musical,Romance]
34. The Hudsucker Proxy (1994, PG, 7.3) [Comedy,Fantasy]
35. The Bodyguard (1992, R, 6.1) [Action,Drama,Music,Romance]
36. The Land Before Time (1988, G, 7.3) [Adventure,Animation,Family]
37. Action Jackson (1988, R, 5.2) [Action,Comedy,Crime,Thriller]
38. The Untouchables (1987, R, 7.9) [Crime,Drama,Thriller]
39. Predator (1987, R, 7.8) [Action,Horror,Sci-Fi]
40. The Color of Money (1986, R, 7.0) [Drama,Sport]
41. The Texas Chainsaw Massacre 2 (1986, X, 5.5) [Comedy,Horror]
42. Under the Rainbow (1981, PG, 5.4) [Comedy]
43. The Omen (1976, R, 7.6) [Fantasy,Horror,Mystery]
44. The Front Page (1974, PG, 7.3) [Comedy,Drama,Romance]
45. Pat Garrett & Billy the Kid (1973, R, 7.4) [Biography,Drama,Romance,Western]
46. The Apartment (1960, Approved, 8.3) [Comedy,Drama,Romance]
47. The Lost Weekend (1945, Not Rated, 8.0) [Drama,Film-Noir]
48. The Wizard of Oz (1939, Passed, 8.1) [Adventure,Family,Fantasy,Musical]
49. Snow White and the Seven Dwarfs (1937, Approved, 7.7) [Animation,Family,Fantasy,Musical]
