1. Spirited Away (2001, PG, Japanese) [8.6, 417971]
2. The Lion King (1994, G, English) [8.5, 644348]
3. WALLE (2008, G, English) [8.4, 718837]
4. Princess Mononoke (1997, PG-13, Japanese) [8.4, 221552]
5. Batman: The Dark Knight Returns, Part 2 (2013, PG-13, English) [8.4, 30434]
6. A Charlie Brown Christmas (1965, TV-G, English) [8.4, 21826]
7. Up (2009, Unrated, English) [8.3, 665575]
8. Toy Story (1995, G, English) [8.3, 623757]
9. Toy Story 3 (2010, G, English) [8.3, 544884]
10. Inside Out (2015, PG, English) [8.3, 345198]
11. Shaun the Sheep (TV-G, English) [8.3, 7968]
12. Finding Nemo (2003, G, English) [8.2, 692482]
13. How to Train Your Dragon (2010, PG, English) [8.2, 485430]
14. Howl's Moving Castle (2004, PG, Japanese) [8.2, 214091]
15. Home Movies (TV-PG, English) [8.2, 7458]
16. Monsters, Inc. (2001, G, English) [8.1, 585659]
17. Akira (1988, R, Japanese) [8.1, 106160]
18. The Incredibles (2004, PG, English) [8.0, 479166]
19. Ratatouille (2007, G, English) [8.0, 473887]
20. Aladdin (1992, G, English) [8.0, 260939]
21. The Iron Giant (1999, PG, English) [8.0, 128455]
22. Persepolis (2007, PG-13, French) [8.0, 70194]
23. Waltz with Bashir (2008, R, Hebrew) [8.0, 46107]
24. Shrek (2001, PG, English) [7.9, 467113]
25. Toy Story 2 (1999, G, English) [7.9, 385871]
26. Big Hero 6 (2014, PG, English) [7.9, 279093]
27. How to Train Your Dragon 2 (2014, PG, English) [7.9, 221128]
28. Star Wars: The Clone Wars (TV-PG, English) [7.9, 28190]
29. Ernest & Celestine (2012, PG, French) [7.9, 12029]
